{"D:\\DOCUMENT\\COURS\\M1\\CI-CD\\PROJET\\App-gestion-event-community\\backend\\controllers\\auth.controller.js": {"path":"D:\\DOCUMENT\\COURS\\M1\\CI-CD\\PROJET\\App-gestion-event-community\\backend\\controllers\\auth.controller.js","statementMap":{"0":{"start":{"line":5,"column":2},"end":{"line":13,"column":3}},"1":{"start":{"line":6,"column":17},"end":{"line":6,"column":51}},"2":{"start":{"line":7,"column":4},"end":{"line":7,"column":30}},"3":{"start":{"line":9,"column":4},"end":{"line":11,"column":5}},"4":{"start":{"line":10,"column":6},"end":{"line":10,"column":66}},"5":{"start":{"line":12,"column":4},"end":{"line":12,"column":13}},"6":{"start":{"line":17,"column":2},"end":{"line":25,"column":3}},"7":{"start":{"line":18,"column":19},"end":{"line":18,"column":50}},"8":{"start":{"line":19,"column":4},"end":{"line":19,"column":20}},"9":{"start":{"line":21,"column":4},"end":{"line":23,"column":5}},"10":{"start":{"line":22,"column":6},"end":{"line":22,"column":66}},"11":{"start":{"line":24,"column":4},"end":{"line":24,"column":13}},"12":{"start":{"line":29,"column":2},"end":{"line":29,"column":20}}},"fnMap":{"0":{"name":"register","decl":{"start":{"line":4,"column":22},"end":{"line":4,"column":30}},"loc":{"start":{"line":4,"column":41},"end":{"line":14,"column":1}},"line":4},"1":{"name":"login","decl":{"start":{"line":16,"column":22},"end":{"line":16,"column":27}},"loc":{"start":{"line":16,"column":38},"end":{"line":26,"column":1}},"line":16},"2":{"name":"me","decl":{"start":{"line":28,"column":16},"end":{"line":28,"column":18}},"loc":{"start":{"line":28,"column":29},"end":{"line":30,"column":1}},"line":28}},"branchMap":{"0":{"loc":{"start":{"line":6,"column":36},"end":{"line":6,"column":50}},"type":"binary-expr","locations":[{"start":{"line":6,"column":36},"end":{"line":6,"column":44}},{"start":{"line":6,"column":48},"end":{"line":6,"column":50}}],"line":6},"1":{"loc":{"start":{"line":9,"column":4},"end":{"line":11,"column":5}},"type":"if","locations":[{"start":{"line":9,"column":4},"end":{"line":11,"column":5}},{"start":{},"end":{}}],"line":9},"2":{"loc":{"start":{"line":18,"column":35},"end":{"line":18,"column":49}},"type":"binary-expr","locations":[{"start":{"line":18,"column":35},"end":{"line":18,"column":43}},{"start":{"line":18,"column":47},"end":{"line":18,"column":49}}],"line":18},"3":{"loc":{"start":{"line":21,"column":4},"end":{"line":23,"column":5}},"type":"if","locations":[{"start":{"line":21,"column":4},"end":{"line":23,"column":5}},{"start":{},"end":{}}],"line":21}},"s":{"0":7,"1":7,"2":1,"3":6,"4":6,"5":0,"6":4,"7":4,"8":1,"9":3,"10":3,"11":0,"12":1},"f":{"0":7,"1":4,"2":1},"b":{"0":[7,0],"1":[6,0],"2":[4,0],"3":[3,0]},"_coverageSchema":"1a1c01bbd47fc00a2c39e90264f33305004495a9","hash":"7d1a794c5025e1e391304ab1ac144e1468ece090"}
,"D:\\DOCUMENT\\COURS\\M1\\CI-CD\\PROJET\\App-gestion-event-community\\backend\\controllers\\event.controller.js": {"path":"D:\\DOCUMENT\\COURS\\M1\\CI-CD\\PROJET\\App-gestion-event-community\\backend\\controllers\\event.controller.js","statementMap":{"0":{"start":{"line":11,"column":2},"end":{"line":13,"column":3}},"1":{"start":{"line":12,"column":4},"end":{"line":12,"column":68}},"2":{"start":{"line":15,"column":2},"end":{"line":15,"column":13}},"3":{"start":{"line":19,"column":17},"end":{"line":19,"column":35}},"4":{"start":{"line":20,"column":2},"end":{"line":20,"column":18}},"5":{"start":{"line":24,"column":2},"end":{"line":29,"column":3}},"6":{"start":{"line":25,"column":18},"end":{"line":25,"column":48}},"7":{"start":{"line":26,"column":4},"end":{"line":26,"column":19}},"8":{"start":{"line":28,"column":4},"end":{"line":28,"column":27}},"9":{"start":{"line":33,"column":2},"end":{"line":38,"column":3}},"10":{"start":{"line":34,"column":18},"end":{"line":34,"column":64}},"11":{"start":{"line":35,"column":4},"end":{"line":35,"column":31}},"12":{"start":{"line":37,"column":4},"end":{"line":37,"column":27}},"13":{"start":{"line":42,"column":2},"end":{"line":47,"column":3}},"14":{"start":{"line":43,"column":18},"end":{"line":43,"column":66}},"15":{"start":{"line":44,"column":4},"end":{"line":44,"column":19}},"16":{"start":{"line":46,"column":4},"end":{"line":46,"column":27}},"17":{"start":{"line":51,"column":2},"end":{"line":56,"column":3}},"18":{"start":{"line":52,"column":4},"end":{"line":52,"column":36}},"19":{"start":{"line":53,"column":4},"end":{"line":53,"column":26}},"20":{"start":{"line":55,"column":4},"end":{"line":55,"column":27}}},"fnMap":{"0":{"name":"handleError","decl":{"start":{"line":10,"column":9},"end":{"line":10,"column":20}},"loc":{"start":{"line":10,"column":33},"end":{"line":16,"column":1}},"line":10},"1":{"name":"getEvents","decl":{"start":{"line":18,"column":22},"end":{"line":18,"column":31}},"loc":{"start":{"line":18,"column":42},"end":{"line":21,"column":1}},"line":18},"2":{"name":"getEvent","decl":{"start":{"line":23,"column":22},"end":{"line":23,"column":30}},"loc":{"start":{"line":23,"column":41},"end":{"line":30,"column":1}},"line":23},"3":{"name":"postEvent","decl":{"start":{"line":32,"column":22},"end":{"line":32,"column":31}},"loc":{"start":{"line":32,"column":42},"end":{"line":39,"column":1}},"line":32},"4":{"name":"putEvent","decl":{"start":{"line":41,"column":22},"end":{"line":41,"column":30}},"loc":{"start":{"line":41,"column":41},"end":{"line":48,"column":1}},"line":41},"5":{"name":"removeEvent","decl":{"start":{"line":50,"column":22},"end":{"line":50,"column":33}},"loc":{"start":{"line":50,"column":44},"end":{"line":57,"column":1}},"line":50}},"branchMap":{"0":{"loc":{"start":{"line":11,"column":2},"end":{"line":13,"column":3}},"type":"if","locations":[{"start":{"line":11,"column":2},"end":{"line":13,"column":3}},{"start":{},"end":{}}],"line":11},"1":{"loc":{"start":{"line":34,"column":36},"end":{"line":34,"column":50}},"type":"binary-expr","locations":[{"start":{"line":34,"column":36},"end":{"line":34,"column":44}},{"start":{"line":34,"column":48},"end":{"line":34,"column":50}}],"line":34},"2":{"loc":{"start":{"line":43,"column":51},"end":{"line":43,"column":65}},"type":"binary-expr","locations":[{"start":{"line":43,"column":51},"end":{"line":43,"column":59}},{"start":{"line":43,"column":63},"end":{"line":43,"column":65}}],"line":43}},"s":{"0":12,"1":12,"2":0,"3":1,"4":1,"5":2,"6":2,"7":1,"8":1,"9":10,"10":10,"11":2,"12":8,"13":3,"14":3,"15":1,"16":2,"17":2,"18":2,"19":1,"20":1},"f":{"0":12,"1":1,"2":2,"3":10,"4":3,"5":2},"b":{"0":[12,0],"1":[10,0],"2":[3,0]},"_coverageSchema":"1a1c01bbd47fc00a2c39e90264f33305004495a9","hash":"51ce4a74a2765f834abb6e3d38c97e4fe6998934"}
,"D:\\DOCUMENT\\COURS\\M1\\CI-CD\\PROJET\\App-gestion-event-community\\backend\\controllers\\registration.controller.js": {"path":"D:\\DOCUMENT\\COURS\\M1\\CI-CD\\PROJET\\App-gestion-event-community\\backend\\controllers\\registration.controller.js","statementMap":{"0":{"start":{"line":9,"column":2},"end":{"line":11,"column":3}},"1":{"start":{"line":10,"column":4},"end":{"line":10,"column":68}},"2":{"start":{"line":13,"column":2},"end":{"line":13,"column":13}},"3":{"start":{"line":17,"column":2},"end":{"line":22,"column":3}},"4":{"start":{"line":18,"column":25},"end":{"line":18,"column":75}},"5":{"start":{"line":19,"column":4},"end":{"line":19,"column":38}},"6":{"start":{"line":21,"column":4},"end":{"line":21,"column":27}},"7":{"start":{"line":26,"column":2},"end":{"line":31,"column":3}},"8":{"start":{"line":27,"column":4},"end":{"line":27,"column":57}},"9":{"start":{"line":28,"column":4},"end":{"line":28,"column":26}},"10":{"start":{"line":30,"column":4},"end":{"line":30,"column":27}},"11":{"start":{"line":35,"column":2},"end":{"line":40,"column":3}},"12":{"start":{"line":36,"column":26},"end":{"line":36,"column":64}},"13":{"start":{"line":37,"column":4},"end":{"line":37,"column":27}},"14":{"start":{"line":39,"column":4},"end":{"line":39,"column":27}}},"fnMap":{"0":{"name":"handleError","decl":{"start":{"line":8,"column":9},"end":{"line":8,"column":20}},"loc":{"start":{"line":8,"column":33},"end":{"line":14,"column":1}},"line":8},"1":{"name":"postRegistration","decl":{"start":{"line":16,"column":22},"end":{"line":16,"column":38}},"loc":{"start":{"line":16,"column":49},"end":{"line":23,"column":1}},"line":16},"2":{"name":"removeRegistration","decl":{"start":{"line":25,"column":22},"end":{"line":25,"column":40}},"loc":{"start":{"line":25,"column":51},"end":{"line":32,"column":1}},"line":25},"3":{"name":"getRegistrations","decl":{"start":{"line":34,"column":22},"end":{"line":34,"column":38}},"loc":{"start":{"line":34,"column":49},"end":{"line":41,"column":1}},"line":34}},"branchMap":{"0":{"loc":{"start":{"line":9,"column":2},"end":{"line":11,"column":3}},"type":"if","locations":[{"start":{"line":9,"column":2},"end":{"line":11,"column":3}},{"start":{},"end":{}}],"line":9}},"s":{"0":6,"1":6,"2":0,"3":4,"4":4,"5":1,"6":3,"7":3,"8":3,"9":1,"10":2,"11":2,"12":2,"13":1,"14":1},"f":{"0":6,"1":4,"2":3,"3":2},"b":{"0":[6,0]},"_coverageSchema":"1a1c01bbd47fc00a2c39e90264f33305004495a9","hash":"5cf0e00ea27905e2af324f592bb9be5845cfb959"}
,"D:\\DOCUMENT\\COURS\\M1\\CI-CD\\PROJET\\App-gestion-event-community\\backend\\middlewares\\authenticate.middleware.js": {"path":"D:\\DOCUMENT\\COURS\\M1\\CI-CD\\PROJET\\App-gestion-event-community\\backend\\middlewares\\authenticate.middleware.js","statementMap":{"0":{"start":{"line":5,"column":21},"end":{"line":5,"column":52}},"1":{"start":{"line":6,"column":26},"end":{"line":6,"column":47}},"2":{"start":{"line":8,"column":2},"end":{"line":10,"column":3}},"3":{"start":{"line":9,"column":4},"end":{"line":9,"column":72}},"4":{"start":{"line":13,"column":2},"end":{"line":17,"column":3}},"5":{"start":{"line":14,"column":4},"end":{"line":14,"column":55}},"6":{"start":{"line":16,"column":4},"end":{"line":16,"column":72}},"7":{"start":{"line":19,"column":15},"end":{"line":33,"column":4}},"8":{"start":{"line":35,"column":2},"end":{"line":37,"column":3}},"9":{"start":{"line":36,"column":4},"end":{"line":36,"column":71}},"10":{"start":{"line":39,"column":2},"end":{"line":39,"column":17}},"11":{"start":{"line":40,"column":2},"end":{"line":40,"column":8}}},"fnMap":{"0":{"name":"authenticate","decl":{"start":{"line":4,"column":22},"end":{"line":4,"column":34}},"loc":{"start":{"line":4,"column":51},"end":{"line":41,"column":1}},"line":4}},"branchMap":{"0":{"loc":{"start":{"line":5,"column":21},"end":{"line":5,"column":52}},"type":"binary-expr","locations":[{"start":{"line":5,"column":21},"end":{"line":5,"column":46}},{"start":{"line":5,"column":50},"end":{"line":5,"column":52}}],"line":5},"1":{"loc":{"start":{"line":8,"column":2},"end":{"line":10,"column":3}},"type":"if","locations":[{"start":{"line":8,"column":2},"end":{"line":10,"column":3}},{"start":{},"end":{}}],"line":8},"2":{"loc":{"start":{"line":8,"column":6},"end":{"line":8,"column":35}},"type":"binary-expr","locations":[{"start":{"line":8,"column":6},"end":{"line":8,"column":25}},{"start":{"line":8,"column":29},"end":{"line":8,"column":35}}],"line":8},"3":{"loc":{"start":{"line":35,"column":2},"end":{"line":37,"column":3}},"type":"if","locations":[{"start":{"line":35,"column":2},"end":{"line":37,"column":3}},{"start":{},"end":{}}],"line":35}},"s":{"0":38,"1":38,"2":38,"3":7,"4":31,"5":31,"6":1,"7":30,"8":30,"9":1,"10":29,"11":29},"f":{"0":38},"b":{"0":[38,7],"1":[7,31],"2":[38,31],"3":[1,29]},"_coverageSchema":"1a1c01bbd47fc00a2c39e90264f33305004495a9","hash":"4eaee0503599f4721b39d4ec94db041743cc0d74"}
,"D:\\DOCUMENT\\COURS\\M1\\CI-CD\\PROJET\\App-gestion-event-community\\backend\\middlewares\\requireRole.middleware.js": {"path":"D:\\DOCUMENT\\COURS\\M1\\CI-CD\\PROJET\\App-gestion-event-community\\backend\\middlewares\\requireRole.middleware.js","statementMap":{"0":{"start":{"line":2,"column":2},"end":{"line":12,"column":3}},"1":{"start":{"line":3,"column":4},"end":{"line":5,"column":5}},"2":{"start":{"line":4,"column":6},"end":{"line":4,"column":74}},"3":{"start":{"line":7,"column":4},"end":{"line":9,"column":5}},"4":{"start":{"line":8,"column":6},"end":{"line":8,"column":62}},"5":{"start":{"line":11,"column":4},"end":{"line":11,"column":10}}},"fnMap":{"0":{"name":"requireRole","decl":{"start":{"line":1,"column":16},"end":{"line":1,"column":27}},"loc":{"start":{"line":1,"column":45},"end":{"line":13,"column":1}},"line":1},"1":{"name":"(anonymous_1)","decl":{"start":{"line":2,"column":9},"end":{"line":2,"column":10}},"loc":{"start":{"line":2,"column":29},"end":{"line":12,"column":3}},"line":2}},"branchMap":{"0":{"loc":{"start":{"line":3,"column":4},"end":{"line":5,"column":5}},"type":"if","locations":[{"start":{"line":3,"column":4},"end":{"line":5,"column":5}},{"start":{},"end":{}}],"line":3},"1":{"loc":{"start":{"line":7,"column":4},"end":{"line":9,"column":5}},"type":"if","locations":[{"start":{"line":7,"column":4},"end":{"line":9,"column":5}},{"start":{},"end":{}}],"line":7}},"s":{"0":6,"1":21,"2":0,"3":21,"4":4,"5":17},"f":{"0":6,"1":21},"b":{"0":[0,21],"1":[4,17]},"_coverageSchema":"1a1c01bbd47fc00a2c39e90264f33305004495a9","hash":"7ff522ef974e14dd15b39d407c905e9f7eea507d"}
,"D:\\DOCUMENT\\COURS\\M1\\CI-CD\\PROJET\\App-gestion-event-community\\backend\\routes\\auth.routes.js": {"path":"D:\\DOCUMENT\\COURS\\M1\\CI-CD\\PROJET\\App-gestion-event-community\\backend\\routes\\auth.routes.js","statementMap":{"0":{"start":{"line":5,"column":15},"end":{"line":5,"column":23}},"1":{"start":{"line":7,"column":0},"end":{"line":7,"column":34}},"2":{"start":{"line":8,"column":0},"end":{"line":8,"column":28}},"3":{"start":{"line":9,"column":0},"end":{"line":9,"column":35}}},"fnMap":{},"branchMap":{},"s":{"0":3,"1":3,"2":3,"3":3},"f":{},"b":{},"_coverageSchema":"1a1c01bbd47fc00a2c39e90264f33305004495a9","hash":"a14b5d6fa33da66c48e1aef62b99490614f3e8fb"}
,"D:\\DOCUMENT\\COURS\\M1\\CI-CD\\PROJET\\App-gestion-event-community\\backend\\routes\\event.routes.js": {"path":"D:\\DOCUMENT\\COURS\\M1\\CI-CD\\PROJET\\App-gestion-event-community\\backend\\routes\\event.routes.js","statementMap":{"0":{"start":{"line":17,"column":15},"end":{"line":17,"column":23}},"1":{"start":{"line":18,"column":24},"end":{"line":18,"column":73}},"2":{"start":{"line":20,"column":0},"end":{"line":20,"column":26}},"3":{"start":{"line":21,"column":0},"end":{"line":21,"column":28}},"4":{"start":{"line":22,"column":0},"end":{"line":22,"column":47}},"5":{"start":{"line":23,"column":0},"end":{"line":23,"column":48}},"6":{"start":{"line":24,"column":0},"end":{"line":24,"column":54}},"7":{"start":{"line":26,"column":0},"end":{"line":26,"column":60}},"8":{"start":{"line":27,"column":0},"end":{"line":27,"column":64}},"9":{"start":{"line":28,"column":0},"end":{"line":28,"column":86}}},"fnMap":{},"branchMap":{},"s":{"0":3,"1":3,"2":3,"3":3,"4":3,"5":3,"6":3,"7":3,"8":3,"9":3},"f":{},"b":{},"_coverageSchema":"1a1c01bbd47fc00a2c39e90264f33305004495a9","hash":"776732b406e46ca6125e8a2775a6abdb362a4f1c"}
,"D:\\DOCUMENT\\COURS\\M1\\CI-CD\\PROJET\\App-gestion-event-community\\backend\\services\\auth.service.js": {"path":"D:\\DOCUMENT\\COURS\\M1\\CI-CD\\PROJET\\App-gestion-event-community\\backend\\services\\auth.service.js","statementMap":{"0":{"start":{"line":6,"column":20},"end":{"line":6,"column":48}},"1":{"start":{"line":8,"column":27},"end":{"line":19,"column":1}},"2":{"start":{"line":22,"column":2},"end":{"line":33,"column":3}},"3":{"start":{"line":37,"column":2},"end":{"line":39,"column":3}},"4":{"start":{"line":38,"column":4},"end":{"line":38,"column":67}},"5":{"start":{"line":41,"column":2},"end":{"line":43,"column":3}},"6":{"start":{"line":42,"column":4},"end":{"line":42,"column":46}},"7":{"start":{"line":45,"column":2},"end":{"line":47,"column":3}},"8":{"start":{"line":46,"column":4},"end":{"line":46,"column":83}},"9":{"start":{"line":49,"column":23},"end":{"line":49,"column":73}},"10":{"start":{"line":50,"column":2},"end":{"line":52,"column":3}},"11":{"start":{"line":51,"column":4},"end":{"line":51,"column":68}},"12":{"start":{"line":54,"column":25},"end":{"line":54,"column":56}},"13":{"start":{"line":56,"column":2},"end":{"line":59,"column":4}},"14":{"start":{"line":63,"column":2},"end":{"line":65,"column":3}},"15":{"start":{"line":64,"column":4},"end":{"line":64,"column":61}},"16":{"start":{"line":67,"column":15},"end":{"line":67,"column":65}},"17":{"start":{"line":68,"column":2},"end":{"line":70,"column":3}},"18":{"start":{"line":69,"column":4},"end":{"line":69,"column":63}},"19":{"start":{"line":72,"column":26},"end":{"line":72,"column":71}},"20":{"start":{"line":73,"column":2},"end":{"line":75,"column":3}},"21":{"start":{"line":74,"column":4},"end":{"line":74,"column":63}},"22":{"start":{"line":77,"column":16},"end":{"line":77,"column":87}},"23":{"start":{"line":79,"column":2},"end":{"line":79,"column":44}}},"fnMap":{"0":{"name":"toPublicUser","decl":{"start":{"line":21,"column":9},"end":{"line":21,"column":21}},"loc":{"start":{"line":21,"column":28},"end":{"line":34,"column":1}},"line":21},"1":{"name":"registerUser","decl":{"start":{"line":36,"column":22},"end":{"line":36,"column":34}},"loc":{"start":{"line":36,"column":62},"end":{"line":60,"column":1}},"line":36},"2":{"name":"loginUser","decl":{"start":{"line":62,"column":22},"end":{"line":62,"column":31}},"loc":{"start":{"line":62,"column":53},"end":{"line":80,"column":1}},"line":62}},"branchMap":{"0":{"loc":{"start":{"line":37,"column":2},"end":{"line":39,"column":3}},"type":"if","locations":[{"start":{"line":37,"column":2},"end":{"line":39,"column":3}},{"start":{},"end":{}}],"line":37},"1":{"loc":{"start":{"line":37,"column":6},"end":{"line":37,"column":34}},"type":"binary-expr","locations":[{"start":{"line":37,"column":6},"end":{"line":37,"column":12}},{"start":{"line":37,"column":16},"end":{"line":37,"column":25}},{"start":{"line":37,"column":29},"end":{"line":37,"column":34}}],"line":37},"2":{"loc":{"start":{"line":41,"column":2},"end":{"line":43,"column":3}},"type":"if","locations":[{"start":{"line":41,"column":2},"end":{"line":43,"column":3}},{"start":{},"end":{}}],"line":41},"3":{"loc":{"start":{"line":45,"column":2},"end":{"line":47,"column":3}},"type":"if","locations":[{"start":{"line":45,"column":2},"end":{"line":47,"column":3}},{"start":{},"end":{}}],"line":45},"4":{"loc":{"start":{"line":50,"column":2},"end":{"line":52,"column":3}},"type":"if","locations":[{"start":{"line":50,"column":2},"end":{"line":52,"column":3}},{"start":{},"end":{}}],"line":50},"5":{"loc":{"start":{"line":63,"column":2},"end":{"line":65,"column":3}},"type":"if","locations":[{"start":{"line":63,"column":2},"end":{"line":65,"column":3}},{"start":{},"end":{}}],"line":63},"6":{"loc":{"start":{"line":63,"column":6},"end":{"line":63,"column":25}},"type":"binary-expr","locations":[{"start":{"line":63,"column":6},"end":{"line":63,"column":12}},{"start":{"line":63,"column":16},"end":{"line":63,"column":25}}],"line":63},"7":{"loc":{"start":{"line":68,"column":2},"end":{"line":70,"column":3}},"type":"if","locations":[{"start":{"line":68,"column":2},"end":{"line":70,"column":3}},{"start":{},"end":{}}],"line":68},"8":{"loc":{"start":{"line":73,"column":2},"end":{"line":75,"column":3}},"type":"if","locations":[{"start":{"line":73,"column":2},"end":{"line":75,"column":3}},{"start":{},"end":{}}],"line":73}},"s":{"0":3,"1":3,"2":1,"3":7,"4":3,"5":4,"6":1,"7":3,"8":1,"9":2,"10":2,"11":1,"12":1,"13":1,"14":4,"15":1,"16":3,"17":3,"18":1,"19":2,"20":2,"21":1,"22":1,"23":1},"f":{"0":1,"1":7,"2":4},"b":{"0":[3,4],"1":[7,6,5],"2":[1,3],"3":[1,2],"4":[1,1],"5":[1,3],"6":[4,4],"7":[1,2],"8":[1,1]},"_coverageSchema":"1a1c01bbd47fc00a2c39e90264f33305004495a9","hash":"7861aabcfd166263ff12c9e3cc3a69d1e910f2c8"}
,"D:\\DOCUMENT\\COURS\\M1\\CI-CD\\PROJET\\App-gestion-event-community\\backend\\services\\event.service.js": {"path":"D:\\DOCUMENT\\COURS\\M1\\CI-CD\\PROJET\\App-gestion-event-community\\backend\\services\\event.service.js","statementMap":{"0":{"start":{"line":4,"column":23},"end":{"line":4,"column":58}},"1":{"start":{"line":7,"column":2},"end":{"line":9,"column":3}},"2":{"start":{"line":8,"column":4},"end":{"line":8,"column":51}},"3":{"start":{"line":11,"column":2},"end":{"line":11,"column":21}},"4":{"start":{"line":15,"column":2},"end":{"line":15,"column":72}},"5":{"start":{"line":15,"column":61},"end":{"line":15,"column":72}},"6":{"start":{"line":16,"column":2},"end":{"line":18,"column":3}},"7":{"start":{"line":17,"column":4},"end":{"line":17,"column":75}},"8":{"start":{"line":20,"column":2},"end":{"line":20,"column":21}},"9":{"start":{"line":24,"column":2},"end":{"line":27,"column":3}},"10":{"start":{"line":25,"column":4},"end":{"line":25,"column":65}},"11":{"start":{"line":25,"column":18},"end":{"line":25,"column":65}},"12":{"start":{"line":26,"column":4},"end":{"line":26,"column":15}},"13":{"start":{"line":29,"column":15},"end":{"line":29,"column":30}},"14":{"start":{"line":30,"column":2},"end":{"line":32,"column":3}},"15":{"start":{"line":31,"column":4},"end":{"line":31,"column":70}},"16":{"start":{"line":34,"column":2},"end":{"line":34,"column":13}},"17":{"start":{"line":38,"column":2},"end":{"line":38,"column":72}},"18":{"start":{"line":38,"column":61},"end":{"line":38,"column":72}},"19":{"start":{"line":39,"column":2},"end":{"line":41,"column":3}},"20":{"start":{"line":40,"column":4},"end":{"line":40,"column":68}},"21":{"start":{"line":43,"column":2},"end":{"line":43,"column":14}},"22":{"start":{"line":47,"column":2},"end":{"line":47,"column":41}},"23":{"start":{"line":47,"column":27},"end":{"line":47,"column":41}},"24":{"start":{"line":48,"column":2},"end":{"line":50,"column":3}},"25":{"start":{"line":49,"column":4},"end":{"line":49,"column":97}},"26":{"start":{"line":52,"column":2},"end":{"line":52,"column":14}},"27":{"start":{"line":56,"column":15},"end":{"line":56,"column":49}},"28":{"start":{"line":57,"column":18},"end":{"line":57,"column":52}},"29":{"start":{"line":59,"column":2},"end":{"line":61,"column":3}},"30":{"start":{"line":60,"column":4},"end":{"line":60,"column":68}},"31":{"start":{"line":63,"column":2},"end":{"line":73,"column":3}},"32":{"start":{"line":77,"column":2},"end":{"line":79,"column":4}},"33":{"start":{"line":83,"column":16},"end":{"line":83,"column":64}},"34":{"start":{"line":84,"column":2},"end":{"line":84,"column":63}},"35":{"start":{"line":84,"column":14},"end":{"line":84,"column":63}},"36":{"start":{"line":86,"column":2},"end":{"line":86,"column":14}},"37":{"start":{"line":90,"column":2},"end":{"line":95,"column":4}},"38":{"start":{"line":99,"column":2},"end":{"line":99,"column":21}},"39":{"start":{"line":101,"column":2},"end":{"line":104,"column":4}},"40":{"start":{"line":108,"column":2},"end":{"line":108,"column":21}},"41":{"start":{"line":109,"column":2},"end":{"line":109,"column":46}}},"fnMap":{"0":{"name":"requiredString","decl":{"start":{"line":6,"column":9},"end":{"line":6,"column":23}},"loc":{"start":{"line":6,"column":38},"end":{"line":12,"column":1}},"line":6},"1":{"name":"optionalString","decl":{"start":{"line":14,"column":9},"end":{"line":14,"column":23}},"loc":{"start":{"line":14,"column":38},"end":{"line":21,"column":1}},"line":14},"2":{"name":"parseDate","decl":{"start":{"line":23,"column":9},"end":{"line":23,"column":18}},"loc":{"start":{"line":23,"column":51},"end":{"line":35,"column":1}},"line":23},"3":{"name":"parseCapacity","decl":{"start":{"line":37,"column":9},"end":{"line":37,"column":22}},"loc":{"start":{"line":37,"column":30},"end":{"line":44,"column":1}},"line":37},"4":{"name":"parseStatus","decl":{"start":{"line":46,"column":9},"end":{"line":46,"column":20}},"loc":{"start":{"line":46,"column":28},"end":{"line":53,"column":1}},"line":46},"5":{"name":"eventData","decl":{"start":{"line":55,"column":9},"end":{"line":55,"column":18}},"loc":{"start":{"line":55,"column":25},"end":{"line":74,"column":1}},"line":55},"6":{"name":"listEvents","decl":{"start":{"line":76,"column":16},"end":{"line":76,"column":26}},"loc":{"start":{"line":76,"column":29},"end":{"line":80,"column":1}},"line":76},"7":{"name":"findEvent","decl":{"start":{"line":82,"column":22},"end":{"line":82,"column":31}},"loc":{"start":{"line":82,"column":36},"end":{"line":87,"column":1}},"line":82},"8":{"name":"createEvent","decl":{"start":{"line":89,"column":16},"end":{"line":89,"column":27}},"loc":{"start":{"line":89,"column":45},"end":{"line":96,"column":1}},"line":89},"9":{"name":"updateEvent","decl":{"start":{"line":98,"column":22},"end":{"line":98,"column":33}},"loc":{"start":{"line":98,"column":44},"end":{"line":105,"column":1}},"line":98},"10":{"name":"deleteEvent","decl":{"start":{"line":107,"column":22},"end":{"line":107,"column":33}},"loc":{"start":{"line":107,"column":38},"end":{"line":110,"column":1}},"line":107}},"branchMap":{"0":{"loc":{"start":{"line":7,"column":2},"end":{"line":9,"column":3}},"type":"if","locations":[{"start":{"line":7,"column":2},"end":{"line":9,"column":3}},{"start":{},"end":{}}],"line":7},"1":{"loc":{"start":{"line":7,"column":6},"end":{"line":7,"column":48}},"type":"binary-expr","locations":[{"start":{"line":7,"column":6},"end":{"line":7,"column":31}},{"start":{"line":7,"column":35},"end":{"line":7,"column":48}}],"line":7},"2":{"loc":{"start":{"line":15,"column":2},"end":{"line":15,"column":72}},"type":"if","locations":[{"start":{"line":15,"column":2},"end":{"line":15,"column":72}},{"start":{},"end":{}}],"line":15},"3":{"loc":{"start":{"line":15,"column":6},"end":{"line":15,"column":59}},"type":"binary-expr","locations":[{"start":{"line":15,"column":6},"end":{"line":15,"column":25}},{"start":{"line":15,"column":29},"end":{"line":15,"column":43}},{"start":{"line":15,"column":47},"end":{"line":15,"column":59}}],"line":15},"4":{"loc":{"start":{"line":16,"column":2},"end":{"line":18,"column":3}},"type":"if","locations":[{"start":{"line":16,"column":2},"end":{"line":18,"column":3}},{"start":{},"end":{}}],"line":16},"5":{"loc":{"start":{"line":23,"column":33},"end":{"line":23,"column":49}},"type":"default-arg","locations":[{"start":{"line":23,"column":44},"end":{"line":23,"column":49}}],"line":23},"6":{"loc":{"start":{"line":24,"column":2},"end":{"line":27,"column":3}},"type":"if","locations":[{"start":{"line":24,"column":2},"end":{"line":27,"column":3}},{"start":{},"end":{}}],"line":24},"7":{"loc":{"start":{"line":24,"column":6},"end":{"line":24,"column":59}},"type":"binary-expr","locations":[{"start":{"line":24,"column":6},"end":{"line":24,"column":25}},{"start":{"line":24,"column":29},"end":{"line":24,"column":43}},{"start":{"line":24,"column":47},"end":{"line":24,"column":59}}],"line":24},"8":{"loc":{"start":{"line":25,"column":4},"end":{"line":25,"column":65}},"type":"if","locations":[{"start":{"line":25,"column":4},"end":{"line":25,"column":65}},{"start":{},"end":{}}],"line":25},"9":{"loc":{"start":{"line":30,"column":2},"end":{"line":32,"column":3}},"type":"if","locations":[{"start":{"line":30,"column":2},"end":{"line":32,"column":3}},{"start":{},"end":{}}],"line":30},"10":{"loc":{"start":{"line":38,"column":2},"end":{"line":38,"column":72}},"type":"if","locations":[{"start":{"line":38,"column":2},"end":{"line":38,"column":72}},{"start":{},"end":{}}],"line":38},"11":{"loc":{"start":{"line":38,"column":6},"end":{"line":38,"column":59}},"type":"binary-expr","locations":[{"start":{"line":38,"column":6},"end":{"line":38,"column":25}},{"start":{"line":38,"column":29},"end":{"line":38,"column":43}},{"start":{"line":38,"column":47},"end":{"line":38,"column":59}}],"line":38},"12":{"loc":{"start":{"line":39,"column":2},"end":{"line":41,"column":3}},"type":"if","locations":[{"start":{"line":39,"column":2},"end":{"line":41,"column":3}},{"start":{},"end":{}}],"line":39},"13":{"loc":{"start":{"line":39,"column":6},"end":{"line":39,"column":44}},"type":"binary-expr","locations":[{"start":{"line":39,"column":6},"end":{"line":39,"column":30}},{"start":{"line":39,"column":34},"end":{"line":39,"column":44}}],"line":39},"14":{"loc":{"start":{"line":47,"column":2},"end":{"line":47,"column":41}},"type":"if","locations":[{"start":{"line":47,"column":2},"end":{"line":47,"column":41}},{"start":{},"end":{}}],"line":47},"15":{"loc":{"start":{"line":48,"column":2},"end":{"line":50,"column":3}},"type":"if","locations":[{"start":{"line":48,"column":2},"end":{"line":50,"column":3}},{"start":{},"end":{}}],"line":48},"16":{"loc":{"start":{"line":59,"column":2},"end":{"line":61,"column":3}},"type":"if","locations":[{"start":{"line":59,"column":2},"end":{"line":61,"column":3}},{"start":{},"end":{}}],"line":59},"17":{"loc":{"start":{"line":59,"column":6},"end":{"line":59,"column":32}},"type":"binary-expr","locations":[{"start":{"line":59,"column":6},"end":{"line":59,"column":13}},{"start":{"line":59,"column":17},"end":{"line":59,"column":32}}],"line":59},"18":{"loc":{"start":{"line":84,"column":2},"end":{"line":84,"column":63}},"type":"if","locations":[{"start":{"line":84,"column":2},"end":{"line":84,"column":63}},{"start":{},"end":{}}],"line":84}},"s":{"0":3,"1":22,"2":4,"3":18,"4":6,"5":6,"6":0,"7":0,"8":0,"9":22,"10":10,"11":1,"12":9,"13":12,"14":12,"15":1,"16":11,"17":5,"18":0,"19":5,"20":1,"21":4,"22":4,"23":0,"24":4,"25":1,"26":3,"27":12,"28":10,"29":10,"30":1,"31":9,"32":1,"33":16,"34":16,"35":6,"36":10,"37":10,"38":3,"39":2,"40":2,"41":1},"f":{"0":22,"1":6,"2":22,"3":5,"4":4,"5":12,"6":1,"7":16,"8":10,"9":3,"10":2},"b":{"0":[4,18],"1":[22,22],"2":[6,0],"3":[6,0,0],"4":[0,0],"5":[10],"6":[10,12],"7":[22,12,12],"8":[1,9],"9":[1,11],"10":[0,5],"11":[5,5,5],"12":[1,4],"13":[5,5],"14":[0,4],"15":[1,3],"16":[1,9],"17":[10,1],"18":[6,10]},"_coverageSchema":"1a1c01bbd47fc00a2c39e90264f33305004495a9","hash":"ca873e03383d5b75be1cb39bc097fcd933d3df80"}
,"D:\\DOCUMENT\\COURS\\M1\\CI-CD\\PROJET\\App-gestion-event-community\\backend\\services\\registration.service.js": {"path":"D:\\DOCUMENT\\COURS\\M1\\CI-CD\\PROJET\\App-gestion-event-community\\backend\\services\\registration.service.js","statementMap":{"0":{"start":{"line":5,"column":26},"end":{"line":10,"column":1}},"1":{"start":{"line":13,"column":16},"end":{"line":13,"column":40}},"2":{"start":{"line":15,"column":19},"end":{"line":17,"column":4}},"3":{"start":{"line":18,"column":2},"end":{"line":20,"column":3}},"4":{"start":{"line":19,"column":4},"end":{"line":19,"column":60}},"5":{"start":{"line":22,"column":2},"end":{"line":29,"column":3}},"6":{"start":{"line":23,"column":27},"end":{"line":25,"column":6}},"7":{"start":{"line":26,"column":4},"end":{"line":28,"column":5}},"8":{"start":{"line":27,"column":6},"end":{"line":27,"column":51}},"9":{"start":{"line":31,"column":2},"end":{"line":33,"column":4}},"10":{"start":{"line":37,"column":2},"end":{"line":37,"column":26}},"11":{"start":{"line":39,"column":19},"end":{"line":41,"column":4}},"12":{"start":{"line":42,"column":2},"end":{"line":44,"column":3}},"13":{"start":{"line":43,"column":4},"end":{"line":43,"column":55}},"14":{"start":{"line":46,"column":2},"end":{"line":46,"column":66}},"15":{"start":{"line":50,"column":2},"end":{"line":50,"column":26}},"16":{"start":{"line":52,"column":2},"end":{"line":56,"column":4}}},"fnMap":{"0":{"name":"registerForEvent","decl":{"start":{"line":12,"column":22},"end":{"line":12,"column":38}},"loc":{"start":{"line":12,"column":56},"end":{"line":34,"column":1}},"line":12},"1":{"name":"unregisterFromEvent","decl":{"start":{"line":36,"column":22},"end":{"line":36,"column":41}},"loc":{"start":{"line":36,"column":59},"end":{"line":47,"column":1}},"line":36},"2":{"name":"listRegistrations","decl":{"start":{"line":49,"column":22},"end":{"line":49,"column":39}},"loc":{"start":{"line":49,"column":49},"end":{"line":57,"column":1}},"line":49}},"branchMap":{"0":{"loc":{"start":{"line":18,"column":2},"end":{"line":20,"column":3}},"type":"if","locations":[{"start":{"line":18,"column":2},"end":{"line":20,"column":3}},{"start":{},"end":{}}],"line":18},"1":{"loc":{"start":{"line":22,"column":2},"end":{"line":29,"column":3}},"type":"if","locations":[{"start":{"line":22,"column":2},"end":{"line":29,"column":3}},{"start":{},"end":{}}],"line":22},"2":{"loc":{"start":{"line":26,"column":4},"end":{"line":28,"column":5}},"type":"if","locations":[{"start":{"line":26,"column":4},"end":{"line":28,"column":5}},{"start":{},"end":{}}],"line":26},"3":{"loc":{"start":{"line":42,"column":2},"end":{"line":44,"column":3}},"type":"if","locations":[{"start":{"line":42,"column":2},"end":{"line":44,"column":3}},{"start":{},"end":{}}],"line":42}},"s":{"0":3,"1":4,"2":3,"3":3,"4":1,"5":2,"6":2,"7":2,"8":1,"9":1,"10":3,"11":2,"12":2,"13":1,"14":1,"15":2,"16":1},"f":{"0":4,"1":3,"2":2},"b":{"0":[1,2],"1":[2,0],"2":[1,1],"3":[1,1]},"_coverageSchema":"1a1c01bbd47fc00a2c39e90264f33305004495a9","hash":"7a73ec20e269b9f4ec12d3a53b8a7099e7de859e"}
}
