TN:
SF:controllers\auth.controller.js
FN:4,register
FN:16,login
FN:28,me
FNF:3
FNH:3
FNDA:7,register
FNDA:4,login
FNDA:1,me
DA:5,7
DA:6,7
DA:7,1
DA:9,6
DA:10,6
DA:12,0
DA:17,4
DA:18,4
DA:19,1
DA:21,3
DA:22,3
DA:24,0
DA:29,1
LF:13
LH:11
BRDA:6,0,0,7
BRDA:6,0,1,0
BRDA:9,1,0,6
BRDA:9,1,1,0
BRDA:18,2,0,4
BRDA:18,2,1,0
BRDA:21,3,0,3
BRDA:21,3,1,0
BRF:8
BRH:4
end_of_record
TN:
SF:controllers\event.controller.js
FN:10,handleError
FN:18,getEvents
FN:23,getEvent
FN:32,postEvent
FN:41,putEvent
FN:50,removeEvent
FNF:6
FNH:6
FNDA:12,handleError
FNDA:1,getEvents
FNDA:2,getEvent
FNDA:10,postEvent
FNDA:3,putEvent
FNDA:2,removeEvent
DA:11,12
DA:12,12
DA:15,0
DA:19,1
DA:20,1
DA:24,2
DA:25,2
DA:26,1
DA:28,1
DA:33,10
DA:34,10
DA:35,2
DA:37,8
DA:42,3
DA:43,3
DA:44,1
DA:46,2
DA:51,2
DA:52,2
DA:53,1
DA:55,1
LF:21
LH:20
BRDA:11,0,0,12
BRDA:11,0,1,0
BRDA:34,1,0,10
BRDA:34,1,1,0
BRDA:43,2,0,3
BRDA:43,2,1,0
BRF:6
BRH:3
end_of_record
TN:
SF:controllers\registration.controller.js
FN:8,handleError
FN:16,postRegistration
FN:25,removeRegistration
FN:34,getRegistrations
FNF:4
FNH:4
FNDA:6,handleError
FNDA:4,postRegistration
FNDA:3,removeRegistration
FNDA:2,getRegistrations
DA:9,6
DA:10,6
DA:13,0
DA:17,4
DA:18,4
DA:19,1
DA:21,3
DA:26,3
DA:27,3
DA:28,1
DA:30,2
DA:35,2
DA:36,2
DA:37,1
DA:39,1
LF:15
LH:14
BRDA:9,0,0,6
BRDA:9,0,1,0
BRF:2
BRH:1
end_of_record
TN:
SF:middlewares\authenticate.middleware.js
FN:4,authenticate
FNF:1
FNH:1
FNDA:38,authenticate
DA:5,38
DA:6,38
DA:8,38
DA:9,7
DA:13,31
DA:14,31
DA:16,1
DA:19,30
DA:35,30
DA:36,1
DA:39,29
DA:40,29
LF:12
LH:12
BRDA:5,0,0,38
BRDA:5,0,1,7
BRDA:8,1,0,7
BRDA:8,1,1,31
BRDA:8,2,0,38
BRDA:8,2,1,31
BRDA:35,3,0,1
BRDA:35,3,1,29
BRF:8
BRH:8
end_of_record
TN:
SF:middlewares\requireRole.middleware.js
FN:1,requireRole
FN:2,(anonymous_1)
FNF:2
FNH:2
FNDA:6,requireRole
FNDA:21,(anonymous_1)
DA:2,6
DA:3,21
DA:4,0
DA:7,21
DA:8,4
DA:11,17
LF:6
LH:5
BRDA:3,0,0,0
BRDA:3,0,1,21
BRDA:7,1,0,4
BRDA:7,1,1,17
BRF:4
BRH:3
end_of_record
TN:
SF:routes\auth.routes.js
FNF:0
FNH:0
DA:5,3
DA:7,3
DA:8,3
DA:9,3
LF:4
LH:4
BRF:0
BRH:0
end_of_record
TN:
SF:routes\event.routes.js
FNF:0
FNH:0
DA:17,3
DA:18,3
DA:20,3
DA:21,3
DA:22,3
DA:23,3
DA:24,3
DA:26,3
DA:27,3
DA:28,3
LF:10
LH:10
BRF:0
BRH:0
end_of_record
TN:
SF:services\auth.service.js
FN:21,toPublicUser
FN:36,registerUser
FN:62,loginUser
FNF:3
FNH:3
FNDA:1,toPublicUser
FNDA:7,registerUser
FNDA:4,loginUser
DA:6,3
DA:8,3
DA:22,1
DA:37,7
DA:38,3
DA:41,4
DA:42,1
DA:45,3
DA:46,1
DA:49,2
DA:50,2
DA:51,1
DA:54,1
DA:56,1
DA:63,4
DA:64,1
DA:67,3
DA:68,3
DA:69,1
DA:72,2
DA:73,2
DA:74,1
DA:77,1
DA:79,1
LF:24
LH:24
BRDA:37,0,0,3
BRDA:37,0,1,4
BRDA:37,1,0,7
BRDA:37,1,1,6
BRDA:37,1,2,5
BRDA:41,2,0,1
BRDA:41,2,1,3
BRDA:45,3,0,1
BRDA:45,3,1,2
BRDA:50,4,0,1
BRDA:50,4,1,1
BRDA:63,5,0,1
BRDA:63,5,1,3
BRDA:63,6,0,4
BRDA:63,6,1,4
BRDA:68,7,0,1
BRDA:68,7,1,2
BRDA:73,8,0,1
BRDA:73,8,1,1
BRF:19
BRH:19
end_of_record
TN:
SF:services\event.service.js
FN:6,requiredString
FN:14,optionalString
FN:23,parseDate
FN:37,parseCapacity
FN:46,parseStatus
FN:55,eventData
FN:76,listEvents
FN:82,findEvent
FN:89,createEvent
FN:98,updateEvent
FN:107,deleteEvent
FNF:11
FNH:11
FNDA:22,requiredString
FNDA:6,optionalString
FNDA:22,parseDate
FNDA:5,parseCapacity
FNDA:4,parseStatus
FNDA:12,eventData
FNDA:1,listEvents
FNDA:16,findEvent
FNDA:10,createEvent
FNDA:3,updateEvent
FNDA:2,deleteEvent
DA:4,3
DA:7,22
DA:8,4
DA:11,18
DA:15,6
DA:16,0
DA:17,0
DA:20,0
DA:24,22
DA:25,10
DA:26,9
DA:29,12
DA:30,12
DA:31,1
DA:34,11
DA:38,5
DA:39,5
DA:40,1
DA:43,4
DA:47,4
DA:48,4
DA:49,1
DA:52,3
DA:56,12
DA:57,10
DA:59,10
DA:60,1
DA:63,9
DA:77,1
DA:83,16
DA:84,16
DA:86,10
DA:90,10
DA:99,3
DA:101,2
DA:108,2
DA:109,1
LF:37
LH:34
BRDA:7,0,0,4
BRDA:7,0,1,18
BRDA:7,1,0,22
BRDA:7,1,1,22
BRDA:15,2,0,6
BRDA:15,2,1,0
BRDA:15,3,0,6
BRDA:15,3,1,0
BRDA:15,3,2,0
BRDA:16,4,0,0
BRDA:16,4,1,0
BRDA:23,5,0,10
BRDA:24,6,0,10
BRDA:24,6,1,12
BRDA:24,7,0,22
BRDA:24,7,1,12
BRDA:24,7,2,12
BRDA:25,8,0,1
BRDA:25,8,1,9
BRDA:30,9,0,1
BRDA:30,9,1,11
BRDA:38,10,0,0
BRDA:38,10,1,5
BRDA:38,11,0,5
BRDA:38,11,1,5
BRDA:38,11,2,5
BRDA:39,12,0,1
BRDA:39,12,1,4
BRDA:39,13,0,5
BRDA:39,13,1,5
BRDA:47,14,0,0
BRDA:47,14,1,4
BRDA:48,15,0,1
BRDA:48,15,1,3
BRDA:59,16,0,1
BRDA:59,16,1,9
BRDA:59,17,0,10
BRDA:59,17,1,1
BRDA:84,18,0,6
BRDA:84,18,1,10
BRF:40
BRH:33
end_of_record
TN:
SF:services\registration.service.js
FN:12,registerForEvent
FN:36,unregisterFromEvent
FN:49,listRegistrations
FNF:3
FNH:3
FNDA:4,registerForEvent
FNDA:3,unregisterFromEvent
FNDA:2,listRegistrations
DA:5,3
DA:13,4
DA:15,3
DA:18,3
DA:19,1
DA:22,2
DA:23,2
DA:26,2
DA:27,1
DA:31,1
DA:37,3
DA:39,2
DA:42,2
DA:43,1
DA:46,1
DA:50,2
DA:52,1
LF:17
LH:17
BRDA:18,0,0,1
BRDA:18,0,1,2
BRDA:22,1,0,2
BRDA:22,1,1,0
BRDA:26,2,0,1
BRDA:26,2,1,1
BRDA:42,3,0,1
BRDA:42,3,1,1
BRF:8
BRH:7
end_of_record
